<?xml version="1.0" encoding="UTF-8"?>
<!-- Generated by org.testng.reporters.JUnitReportReporter -->
<testsuite skipped="0" hostname="Arati-PC" name="Jibe_Menu.MenuListTest" tests="1" failures="0" timestamp="21 Aug 2017 04:39:16 GMT" time="1273.822" errors="0">
  <testcase name="Sub_SubMenu" time="1273.822" classname="Jibe_Menu.MenuListTest"/>
</testsuite> <!-- Jibe_Menu.MenuListTest -->
