<?xml version="1.0" encoding="UTF-8"?>
<!-- Generated by org.testng.reporters.JUnitReportReporter -->
<testsuite hostname="Seachange-PC" name="purchase_Admin.PurchaseQuestionnaireTest" tests="4" failures="0" timestamp="14 Jul 2017 11:20:12 GMT" time="63.131" errors="0">
  <testcase name="DeleteAddedNewGrade" time="9.130" classname="purchase_Admin.PurchaseQuestionnaireTest"/>
  <testcase name="ValidationforAddNewGrade" time="36.814" classname="purchase_Admin.PurchaseQuestionnaireTest"/>
  <testcase name="DuplicateAddNewGrade" time="14.416" classname="purchase_Admin.PurchaseQuestionnaireTest"/>
  <testcase name="PurchaseQuestionnaire" time="2.771" classname="purchase_Admin.PurchaseQuestionnaireTest"/>
</testsuite> <!-- purchase_Admin.PurchaseQuestionnaireTest -->
