<?xml version="1.0" encoding="UTF-8"?>
<!-- Generated by org.testng.reporters.JUnitReportReporter -->
<testsuite hostname="Seachange-PC" name="purchase_Admin.SetItemsMinMaxQtysTest" tests="2" failures="0" timestamp="14 Jul 2017 12:06:56 GMT" time="75.683" errors="0">
  <testcase name="CatalogueItem" time="71.612" classname="purchase_Admin.SetItemsMinMaxQtysTest"/>
  <testcase name="MinMaxQuantity" time="4.071" classname="purchase_Admin.SetItemsMinMaxQtysTest"/>
</testsuite> <!-- purchase_Admin.SetItemsMinMaxQtysTest -->
