<?xml version="1.0" encoding="UTF-8"?>
<!-- Generated by org.testng.reporters.JUnitReportReporter -->
<testsuite hostname="Seachange-PC" name="purchase_Admin.Function_DepartmentTest" tests="8" failures="0" timestamp="14 Jul 2017 12:48:13 GMT" time="174.157" errors="0">
  <testcase name="FunctionDepartment" time="2.814" classname="purchase_Admin.Function_DepartmentTest"/>
  <testcase name="DeletetFunctionDepartment" time="25.625" classname="purchase_Admin.Function_DepartmentTest"/>
  <testcase name="SearchAddFunctionDepartment" time="12.518" classname="purchase_Admin.Function_DepartmentTest"/>
  <testcase name="SearchEditFunctionDepartment" time="12.660" classname="purchase_Admin.Function_DepartmentTest"/>
  <testcase name="SearchDeletetFunctionDepartment" time="18.721" classname="purchase_Admin.Function_DepartmentTest"/>
  <testcase name="ValidationforAddFunctionDepartment" time="49.225" classname="purchase_Admin.Function_DepartmentTest"/>
  <testcase name="DuplicateAddFunctionDepartment" time="21.660" classname="purchase_Admin.Function_DepartmentTest"/>
  <testcase name="EditFunctionDepartment" time="30.934" classname="purchase_Admin.Function_DepartmentTest"/>
</testsuite> <!-- purchase_Admin.Function_DepartmentTest -->
