<?xml version="1.0" encoding="UTF-8"?>
<!-- Generated by org.testng.reporters.JUnitReportReporter -->
<testsuite hostname="Seachange-PC" name="purchase_Admin.PurchaseSettingsTest" tests="6" failures="0" timestamp="14 Jul 2017 12:02:31 GMT" time="171.135" errors="0">
  <testcase name="PurchaseConfigsettingsURL" time="5.077" classname="purchase_Admin.PurchaseSettingsTest"/>
  <testcase name="PurchaseConfigSetting" time="61.448" classname="purchase_Admin.PurchaseSettingsTest"/>
  <testcase name="PurchaseMandatory" time="20.350" classname="purchase_Admin.PurchaseSettingsTest"/>
  <testcase name="PurchaseAutoSetting" time="25.521" classname="purchase_Admin.PurchaseSettingsTest"/>
  <testcase name="CaptureRank" time="35.457" classname="purchase_Admin.PurchaseSettingsTest"/>
  <testcase name="AutomaticRequisition" time="23.282" classname="purchase_Admin.PurchaseSettingsTest"/>
</testsuite> <!-- purchase_Admin.PurchaseSettingsTest -->
