<?xml version="1.0" encoding="UTF-8"?>
<!-- Generated by org.testng.reporters.JUnitReportReporter -->
<testsuite skipped="0" hostname="Arati-PC" name="Jibe_Menu.MenuListTest" tests="1" failures="0" timestamp="23 Aug 2017 11:17:30 GMT" time="26.737" errors="0">
  <testcase name="Sub_SubMenu" time="26.737" classname="Jibe_Menu.MenuListTest"/>
</testsuite> <!-- Jibe_Menu.MenuListTest -->
