<?xml version="1.0" encoding="UTF-8"?>
<!-- Generated by org.testng.reporters.JUnitReportReporter -->
<testsuite hostname="Seachange-PC" name="purchase_Admin.LocationTest" tests="8" failures="0" timestamp="14 Jul 2017 10:21:46 GMT" time="166.955" errors="0">
  <testcase name="DuplicateAddNewLocation" time="19.558" classname="purchase_Admin.LocationTest"/>
  <testcase name="Locations" time="3.941" classname="purchase_Admin.LocationTest"/>
  <testcase name="EditLocation" time="27.667" classname="purchase_Admin.LocationTest"/>
  <testcase name="DeleteLocation" time="36.956" classname="purchase_Admin.LocationTest"/>
  <testcase name="SearchAddNewLocation" time="11.376" classname="purchase_Admin.LocationTest"/>
  <testcase name="ValidationforAddNewLocation" time="40.144" classname="purchase_Admin.LocationTest"/>
  <testcase name="SearchEditLocation" time="11.304" classname="purchase_Admin.LocationTest"/>
  <testcase name="SearchDeleteLocation" time="16.009" classname="purchase_Admin.LocationTest"/>
</testsuite> <!-- purchase_Admin.LocationTest -->
