<?xml version="1.0" encoding="UTF-8"?>
<!-- Generated by org.testng.reporters.JUnitReportReporter -->
<testsuite hostname="Seachange-PC" name="purchase_Admin.UnitPackingsTest" tests="8" failures="0" timestamp="14 Jul 2017 11:53:31 GMT" time="157.667" errors="0">
  <testcase name="EditUnitPacking" time="27.557" classname="purchase_Admin.UnitPackingsTest"/>
  <testcase name="SearchAddedUnitPacking" time="9.284" classname="purchase_Admin.UnitPackingsTest"/>
  <testcase name="ValidationforAddUnitPacking" time="58.069" classname="purchase_Admin.UnitPackingsTest"/>
  <testcase name="SearchEditUnitPacking" time="9.372" classname="purchase_Admin.UnitPackingsTest"/>
  <testcase name="DuplicateAddUnitPacking" time="16.295" classname="purchase_Admin.UnitPackingsTest"/>
  <testcase name="SearchDeletedtUnitPacking" time="15.493" classname="purchase_Admin.UnitPackingsTest"/>
  <testcase name="UnitPacking" time="3.194" classname="purchase_Admin.UnitPackingsTest"/>
  <testcase name="DeleteUnitPacking" time="18.403" classname="purchase_Admin.UnitPackingsTest"/>
</testsuite> <!-- purchase_Admin.UnitPackingsTest -->
