<?xml version="1.0" encoding="UTF-8"?>
<!-- Generated by org.testng.reporters.JUnitReportReporter -->
<testsuite skipped="0" hostname="Arati-PC" name="Jibe_Menu.MenuListTest$CatalogueItemsTest" tests="1" failures="0" timestamp="16 Aug 2017 10:02:23 GMT" time="0.091" errors="0">
  <testcase name="AdminMenu" time="0.091" classname="Jibe_Menu.MenuListTest$CatalogueItemsTest"/>
</testsuite> <!-- Jibe_Menu.MenuListTest$CatalogueItemsTest -->
